2024/07/21 10:32:20 Failed to create file system for "KHS-PD:": didn't find section in config file
2024/07/21 10:33:03 Failed to create file system for "KHS-PD:": didn't find section in config file
2024/07/21 10:51:22 Failed to create file system for "KHS-PD:": didn't find section in config file
2024/07/21 10:57:20 Failed to create file system for "KHS-PD:": didn't find section in config file
2024/07/21 11:23:31 Failed to create file system for "KHS-PD:": didn't find section in config file
2024/07/21 11:24:30.794581 WARN RESTY 401 GET https://mail.proton.me/api/core/v4/users: Invalid access token (Code=401, Status=401), Attempt 1
2024/07/21 11:24:30.794696 ERROR RESTY 401 GET https://mail.proton.me/api/core/v4/users: Invalid access token (Code=401, Status=401)
2024/07/21 11:24:35 INFO  : There was nothing to transfer
2024/07/21 11:24:35 NOTICE: 
Transferred:   	          0 B / 0 B, -, 0 B/s, ETA -
Elapsed time:         4.4s

2024/07/21 11:26:00 INFO  : There was nothing to transfer
2024/07/21 11:26:00 NOTICE: 
Transferred:   	          0 B / 0 B, -, 0 B/s, ETA -
Elapsed time:         4.1s

2024/07/21 11:26:29 INFO  : There was nothing to transfer
2024/07/21 11:26:29 NOTICE: 
Transferred:   	          0 B / 0 B, -, 0 B/s, ETA -
Elapsed time:         9.6s

2024/07/21 11:28:45 INFO  : There was nothing to transfer
2024/07/21 11:28:45 NOTICE: 
Transferred:   	          0 B / 0 B, -, 0 B/s, ETA -
Elapsed time:         9.4s

2024/07/21 11:29:04 INFO  : There was nothing to transfer
2024/07/21 11:29:04 NOTICE: 
Transferred:   	          0 B / 0 B, -, 0 B/s, ETA -
Elapsed time:         4.1s

