##########################
# Start 2024-10-29 00:05 #
# Files 40   Synced 40   #
# End   2024-10-29 10:56 #
# Time  10 h. 51 m. 42 s.#
##########################

##########################
# Start 2024-11-02 00:05 #
# Remote Connect Failed  #
# Exiting Run            #
# End   2024-11-02 00:05 #
# Time  0 h. 0 m. 4 s.   #
##########################

##########################
# Start 2024-11-09 13:05 #
# Files 17   Fails 1     #
# End   2024-11-09 13:23 #
# Time  0 h. 18 m. 6 s.  #
##########################

##########################
# Start 2024-11-11 11:02 #
# Files 23   Synced 23   #
# End   2024-11-11 11:15 #
# Time  0 h. 13 m. 21 s. #
##########################

