##########################
# Start 2024-10-20 02:30 #
# Files 5    Synced 5    #
# End   2024-10-20 02:37 #
# Time  0 h. 7 m. 3 s.   #
##########################


##########################
# Start 2024-10-21 00:05 #
# Files 38   Synced 38   #
# End   2024-10-21 00:27 #
# Time  0 h. 22 m. 5 s.  #
##########################


##########################
# Start 2024-10-22 10:05 #
# Files 41   Synced 41   #
# End   2024-10-22 10:26 #
# Time  0 h. 20 m. 13 s. #
##########################


##########################
# Start 2024-10-22 23:21 #
# Files: 33  Synced 33   #
# End   2024-10-22 23:43 #
# Time  0 h. 22 m. 13 s. #
##########################


##########################
# Start 2024-10-22 23:46 #
# Files: 3   Synced: 3   #
# End   2024-10-22 23:51 #
# Time  0 h. 5 m. 14 s.  #
##########################


##########################
# Start 2024-10-22 23:53 #
# Files 4    Synced 4    #
# End   2024-10-22 23:58 #
# Time  0 h. 5 m. 52 s.  #
##########################


##########################
# Start 2024-10-23 00:07 #
# Files 3    Synced 3    #
# End   2024-10-23 00:09 #
# Time  0 h. 3 m. 59 s.  #
##########################


##########################
# Start 2024-10-24 09:05 #
# Files 23   Synced 23   #
# End   2024-10-24 09:20 #
# Time  0 h. 15 m. 54 s. #
##########################

